<?xml version="1.0" encoding="UTF-8"?>
<!-- Generated by org.testng.reporters.JUnitReportReporter -->
<testsuite skipped="0" hostname="ideliver29" name="com.AP.qa.test.TC002_Multiple_Products_Checkout_2" tests="1" failures="0" timestamp="24 Nov 2020 10:20:49 GMT" time="32.940" errors="0">
  <testcase name="TC002_Multiple_Products_Checkout" time="32.940" classname="com.AP.qa.test.TC002_Multiple_Products_Checkout_2"/>
</testsuite> <!-- com.AP.qa.test.TC002_Multiple_Products_Checkout_2 -->
