<?xml version="1.0" encoding="UTF-8"?>
<!-- Generated by org.testng.reporters.JUnitReportReporter -->
<testsuite skipped="0" hostname="ideliver29" name="com.AP.qa.test.TC003_Reorder_Products_Checkout_3" tests="1" failures="0" timestamp="25 Nov 2020 17:13:07 GMT" time="0.067" errors="1">
  <testcase name="ReorderTest" time="0.067" classname="com.AP.qa.test.TC003_Reorder_Products_Checkout_3">
    <error type="java.lang.NullPointerException">
      <![CDATA[java.lang.NullPointerException
at java.util.Objects.requireNonNull(Objects.java:203)
at org.openqa.selenium.support.ui.FluentWait.<init>(FluentWait.java:106)
at org.openqa.selenium.support.ui.WebDriverWait.<init>(WebDriverWait.java:85)
at org.openqa.selenium.support.ui.WebDriverWait.<init>(WebDriverWait.java:64)
at com.AP.qa.base.BasePage.<init>(BasePage.java:24)
at com.AP.qa.pages.LoginPage.<init>(LoginPage.java:38)
at com.AP.qa.util.OracleFunctions.<init>(OracleFunctions.java:20)
at com.AP.qa.test.TC003_Reorder_Products_Checkout_3.ReorderTest(TC003_Reorder_Products_Checkout_3.java:25)
at sun.reflect.NativeMethodAccessorImpl.invoke0(Native Method)
at sun.reflect.NativeMethodAccessorImpl.invoke(NativeMethodAccessorImpl.java:62)
at sun.reflect.DelegatingMethodAccessorImpl.invoke(DelegatingMethodAccessorImpl.java:43)
at java.lang.reflect.Method.invoke(Method.java:498)
at org.testng.internal.MethodInvocationHelper.invokeMethod(MethodInvocationHelper.java:124)
at org.testng.internal.Invoker.invokeMethod(Invoker.java:583)
at org.testng.internal.Invoker.invokeTestMethod(Invoker.java:719)
at org.testng.internal.Invoker.invokeTestMethods(Invoker.java:989)
at org.testng.internal.TestMethodWorker.invokeTestMethods(TestMethodWorker.java:125)
at org.testng.internal.TestMethodWorker.run(TestMethodWorker.java:109)
at java.util.concurrent.ThreadPoolExecutor.runWorker(ThreadPoolExecutor.java:1149)
at java.util.concurrent.ThreadPoolExecutor$Worker.run(ThreadPoolExecutor.java:624)
at java.lang.Thread.run(Thread.java:748)
]]>
    </error>
  </testcase> <!-- ReorderTest -->
</testsuite> <!-- com.AP.qa.test.TC003_Reorder_Products_Checkout_3 -->
