<?xml version="1.0" encoding="UTF-8"?>
<!-- Generated by org.testng.reporters.JUnitReportReporter -->
<testsuite skipped="0" hostname="ideliver29" name="com.AP.qa.test.TC001_Single_Product_Checkout" tests="1" failures="0" timestamp="25 Nov 2020 17:13:07 GMT" time="29.029" errors="0">
  <testcase name="LoginTest" time="29.029" classname="com.AP.qa.test.TC001_Single_Product_Checkout"/>
</testsuite> <!-- com.AP.qa.test.TC001_Single_Product_Checkout -->
